
*** Running vivado
    with args -log design_1_dlmb_bram_if_cntlr_0.vds -m64 -product Vivado -mode batch -messageDb vivado.pb -notrace -source design_1_dlmb_bram_if_cntlr_0.tcl


****** Vivado v2016.3 (64-bit)
  **** SW Build 1682563 on Mon Oct 10 19:07:27 MDT 2016
  **** IP Build 1681267 on Mon Oct 10 21:28:31 MDT 2016
    ** Copyright 1986-2016 Xilinx, Inc. All Rights Reserved.

source design_1_dlmb_bram_if_cntlr_0.tcl -notrace
Starting RTL Elaboration : Time (s): cpu = 00:00:13 ; elapsed = 00:00:16 . Memory (MB): peak = 336.078 ; gain = 126.289
INFO: [Synth 8-638] synthesizing module 'design_1_dlmb_bram_if_cntlr_0' [d:/Lesson/TERM7/FPGA/Szamani/Project/project_4/project_4.srcs/sources_1/bd/design_1/ip/design_1_dlmb_bram_if_cntlr_0/synth/design_1_dlmb_bram_if_cntlr_0.vhd:84]
INFO: [Synth 8-638] synthesizing module 'lmb_bram_if_cntlr' [d:/Lesson/TERM7/FPGA/Szamani/Project/project_4/project_4.srcs/sources_1/bd/design_1/ipshared/f4d9/hdl/lmb_bram_if_cntlr_v4_0_vh_rfs.vhd:3106]
INFO: [Synth 8-638] synthesizing module 'lmb_mux' [d:/Lesson/TERM7/FPGA/Szamani/Project/project_4/project_4.srcs/sources_1/bd/design_1/ipshared/f4d9/hdl/lmb_bram_if_cntlr_v4_0_vh_rfs.vhd:2601]
INFO: [Synth 8-638] synthesizing module 'pselect_mask' [d:/Lesson/TERM7/FPGA/Szamani/Project/project_4/project_4.srcs/sources_1/bd/design_1/ipshared/f4d9/hdl/lmb_bram_if_cntlr_v4_0_vh_rfs.vhd:2121]
INFO: [Synth 8-256] done synthesizing module 'pselect_mask' (1#1) [d:/Lesson/TERM7/FPGA/Szamani/Project/project_4/project_4.srcs/sources_1/bd/design_1/ipshared/f4d9/hdl/lmb_bram_if_cntlr_v4_0_vh_rfs.vhd:2121]
INFO: [Synth 8-256] done synthesizing module 'lmb_mux' (2#1) [d:/Lesson/TERM7/FPGA/Szamani/Project/project_4/project_4.srcs/sources_1/bd/design_1/ipshared/f4d9/hdl/lmb_bram_if_cntlr_v4_0_vh_rfs.vhd:2601]
INFO: [Synth 8-256] done synthesizing module 'lmb_bram_if_cntlr' (3#1) [d:/Lesson/TERM7/FPGA/Szamani/Project/project_4/project_4.srcs/sources_1/bd/design_1/ipshared/f4d9/hdl/lmb_bram_if_cntlr_v4_0_vh_rfs.vhd:3106]
INFO: [Synth 8-256] done synthesizing module 'design_1_dlmb_bram_if_cntlr_0' (4#1) [d:/Lesson/TERM7/FPGA/Szamani/Project/project_4/project_4.srcs/sources_1/bd/design_1/ip/design_1_dlmb_bram_if_cntlr_0/synth/design_1_dlmb_bram_if_cntlr_0.vhd:84]
Finished RTL Elaboration : Time (s): cpu = 00:00:15 ; elapsed = 00:00:19 . Memory (MB): peak = 375.227 ; gain = 165.438
Finished RTL Optimization Phase 1 : Time (s): cpu = 00:00:15 ; elapsed = 00:00:19 . Memory (MB): peak = 375.227 ; gain = 165.438
INFO: [Device 21-403] Loading part xc7z020clg484-1
create_clock: Time (s): cpu = 00:00:01 ; elapsed = 00:00:06 . Memory (MB): peak = 644.707 ; gain = 7.172
Constraint Validation Runtime : Time (s): cpu = 00:00:00 ; elapsed = 00:00:00.731 . Memory (MB): peak = 644.707 ; gain = 0.000
Finished Constraint Validation : Time (s): cpu = 00:00:31 ; elapsed = 00:01:18 . Memory (MB): peak = 644.707 ; gain = 434.918
Finished Loading Part and Timing Information : Time (s): cpu = 00:00:31 ; elapsed = 00:01:19 . Memory (MB): peak = 644.707 ; gain = 434.918
Finished applying 'set_property' XDC Constraints : Time (s): cpu = 00:00:31 ; elapsed = 00:01:20 . Memory (MB): peak = 644.707 ; gain = 434.918
Finished RTL Optimization Phase 2 : Time (s): cpu = 00:00:31 ; elapsed = 00:01:21 . Memory (MB): peak = 644.707 ; gain = 434.918
Finished Cross Boundary and Area Optimization : Time (s): cpu = 00:00:32 ; elapsed = 00:01:22 . Memory (MB): peak = 644.707 ; gain = 434.918
Finished Applying XDC Timing Constraints : Time (s): cpu = 00:00:49 ; elapsed = 00:01:41 . Memory (MB): peak = 649.246 ; gain = 439.457
Finished Timing Optimization : Time (s): cpu = 00:00:49 ; elapsed = 00:01:41 . Memory (MB): peak = 649.246 ; gain = 439.457
Finished Technology Mapping : Time (s): cpu = 00:00:49 ; elapsed = 00:01:41 . Memory (MB): peak = 668.484 ; gain = 458.695
Finished IO Insertion : Time (s): cpu = 00:00:50 ; elapsed = 00:01:42 . Memory (MB): peak = 668.484 ; gain = 458.695
Finished Renaming Generated Instances : Time (s): cpu = 00:00:50 ; elapsed = 00:01:42 . Memory (MB): peak = 668.484 ; gain = 458.695
Finished Rebuilding User Hierarchy : Time (s): cpu = 00:00:50 ; elapsed = 00:01:42 . Memory (MB): peak = 668.484 ; gain = 458.695
Finished Renaming Generated Ports : Time (s): cpu = 00:00:50 ; elapsed = 00:01:42 . Memory (MB): peak = 668.484 ; gain = 458.695
Finished Handling Custom Attributes : Time (s): cpu = 00:00:50 ; elapsed = 00:01:42 . Memory (MB): peak = 668.484 ; gain = 458.695
Finished Renaming Generated Nets : Time (s): cpu = 00:00:50 ; elapsed = 00:01:42 . Memory (MB): peak = 668.484 ; gain = 458.695

Report Cell Usage: 
+------+-----+------+
|      |Cell |Count |
+------+-----+------+
|1     |LUT2 |     3|
|2     |LUT3 |     4|
|3     |FDRE |     2|
+------+-----+------+
Finished Writing Synthesis Report : Time (s): cpu = 00:00:50 ; elapsed = 00:01:42 . Memory (MB): peak = 668.484 ; gain = 458.695
synth_design: Time (s): cpu = 00:00:46 ; elapsed = 00:01:36 . Memory (MB): peak = 685.484 ; gain = 426.867
