Copyright 1986-2016 Xilinx, Inc. All Rights Reserved.
------------------------------------------------------------------------------------
| Tool Version : Vivado v.2016.3 (win64) Build 1682563 Mon Oct 10 19:07:27 MDT 2016
| Date         : Fri Jan 20 16:10:46 2017
| Host         : amir running 64-bit major release  (build 9200)
| Command      : upgrade_ip
| Device       : xc7z020clg484-1
------------------------------------------------------------------------------------

Upgrade Log for IP 'design_1_IOT_0_1'

1. Summary
----------

SUCCESS in the upgrade of design_1_IOT_0_1 (xilinx.com:user:IOT:1.0) from (Rev. 5) to (Rev. 6)






Copyright 1986-2016 Xilinx, Inc. All Rights Reserved.
------------------------------------------------------------------------------------
| Tool Version : Vivado v.2016.3 (win64) Build 1682563 Mon Oct 10 19:07:27 MDT 2016
| Date         : Fri Jan 20 15:57:42 2017
| Host         : amir running 64-bit major release  (build 9200)
| Command      : upgrade_ip
| Device       : xc7z020clg484-1
------------------------------------------------------------------------------------

Upgrade Log for IP 'design_1_IOT_0_1'

1. Summary
----------

SUCCESS in the upgrade of design_1_IOT_0_1 (xilinx.com:user:IOT:1.0) from (Rev. 4) to (Rev. 5)






Copyright 1986-2016 Xilinx, Inc. All Rights Reserved.
------------------------------------------------------------------------------------
| Tool Version : Vivado v.2016.3 (win64) Build 1682563 Mon Oct 10 19:07:27 MDT 2016
| Date         : Wed Jan 11 10:29:09 2017
| Host         : amir running 64-bit major release  (build 9200)
| Command      : upgrade_ip
| Device       : xc7z020clg484-1
------------------------------------------------------------------------------------

Upgrade Log for IP 'design_1_IOT_0_1'

1. Summary
----------

SUCCESS in the upgrade of design_1_IOT_0_1 (xilinx.com:user:IOT:1.0) from (Rev. 3) to (Rev. 4)






Copyright 1986-2016 Xilinx, Inc. All Rights Reserved.
------------------------------------------------------------------------------------
| Tool Version : Vivado v.2016.3 (win64) Build 1682563 Mon Oct 10 19:07:27 MDT 2016
| Date         : Wed Jan 11 03:14:42 2017
| Host         : amir running 64-bit major release  (build 9200)
| Command      : upgrade_ip
| Device       : xc7z020clg484-1
------------------------------------------------------------------------------------

Upgrade Log for IP 'design_1_IOT_0_0'

1. Summary
----------

SUCCESS in the upgrade of design_1_IOT_0_0 (xilinx.com:user:IOT:1.0) from (Rev. 2) to (Rev. 3)

