#-----------------------------------------------------------
# Vivado v2016.3 (64-bit)
# SW Build 1682563 on Mon Oct 10 19:07:27 MDT 2016
# IP Build 1681267 on Mon Oct 10 21:28:31 MDT 2016
# Start of session at: Wed Jan 11 04:14:25 2017
# Process ID: 12744
# Current directory: D:/Lesson/TERM7/FPGA/Szamani/Project/project_4
# Command line: vivado.exe -gui_launcher_event rodinguilauncherevent5156 D:\Lesson\TERM7\FPGA\Szamani\Project\project_4\project_4.xpr
# Log file: D:/Lesson/TERM7/FPGA/Szamani/Project/project_4/vivado.log
# Journal file: D:/Lesson/TERM7/FPGA/Szamani/Project/project_4\vivado.jou
#-----------------------------------------------------------
start_gui
open_project D:/Lesson/TERM7/FPGA/Szamani/Project/project_4/project_4.xpr
Scanning sources...
Finished scanning sources
INFO: [IP_Flow 19-234] Refreshing IP repositories
INFO: [IP_Flow 19-1700] Loaded user IP repository 'd:/Lesson/TERM7/FPGA/Szamani/Project/ip_repo/IOT_1.0'.
INFO: [IP_Flow 19-2313] Loaded Vivado IP repository 'D:/ProgramFiles/Vivado/2016.3/data/ip'.
open_project: Time (s): cpu = 00:00:12 ; elapsed = 00:00:09 . Memory (MB): peak = 828.531 ; gain = 208.902
exit
INFO: [Common 17-206] Exiting Vivado at Wed Jan 11 04:14:54 2017...
